[debug] [2020-07-08T19:57:48.976Z] ----------------------------------------------------------------------
[debug] [2020-07-08T19:57:48.978Z] Command:       /usr/local/bin/firebase /Users/manubhardwaj/.cache/firebase/tools/lib/node_modules/firebase-tools/lib/bin/firebase deploy
[debug] [2020-07-08T19:57:48.978Z] CLI Version:   7.13.0
[debug] [2020-07-08T19:57:48.978Z] Platform:      darwin
[debug] [2020-07-08T19:57:48.978Z] Node Version:  v12.13.1
[debug] [2020-07-08T19:57:48.981Z] Time:          Thu Jul 09 2020 01:27:48 GMT+0530 (India Standard Time)
[debug] [2020-07-08T19:57:48.981Z] ----------------------------------------------------------------------
[debug] [2020-07-08T19:57:48.981Z] 
[debug] [2020-07-08T19:57:48.988Z] > command requires scopes: ["email","openid","https://www.googleapis.com/auth/cloudplatformprojects.readonly","https://www.googleapis.com/auth/firebase","https://www.googleapis.com/auth/cloud-platform"]
[debug] [2020-07-08T19:57:48.989Z] > authorizing via signed-in user
[debug] [2020-07-08T19:57:48.989Z] [iam] checking project your-ear for permissions ["firebase.projects.get","firebasehosting.sites.update"]
[debug] [2020-07-08T19:57:48.990Z] >>> HTTP REQUEST POST https://cloudresourcemanager.googleapis.com/v1/projects/your-ear:testIamPermissions  

[debug] [2020-07-08T19:57:50.495Z] <<< HTTP RESPONSE 200
[debug] [2020-07-08T19:57:50.499Z] >>> HTTP REQUEST GET https://firebase.googleapis.com/v1beta1/projects/your-ear  
 
[debug] [2020-07-08T19:57:51.014Z] <<< HTTP RESPONSE 200
[info] 
[info] === Deploying to 'your-ear'...
[info] 
[info] i  deploying hosting
[debug] [2020-07-08T19:57:51.019Z] >>> HTTP REQUEST POST https://firebasehosting.googleapis.com/v1beta1/sites/your-ear/versions  

[debug] [2020-07-08T19:57:53.146Z] <<< HTTP RESPONSE 200
[info] i  hosting[your-ear]: beginning deploy...
[info] i  hosting[your-ear]: found 9 files in dist
[debug] [2020-07-08T19:57:53.359Z] [hosting] hash cache [ZGlzdA] stored for 9 files
[debug] [2020-07-08T19:57:53.359Z] [hosting][hash queue][FINAL]
[debug] [2020-07-08T19:57:53.360Z] >>> HTTP REQUEST POST https://firebasehosting.googleapis.com/v1beta1/sites/your-ear/versions/16f056118eeb87f7:populateFiles  
 <request body omitted>
